Dormitory 1:
GraceAdams 112 1.1 14.1
JohnDoe 123 1.1 5.1
JaneDoe 234 2.1 6.1
MikeSmith 345 3.1 7.1
AliceJohnson 456 4.1 8.1
BobBrown 567 5.1 9.1
CarolDavis 678 6.1 10.1
DavidWilson 789 7.1 11.1
EvaTaylor 890 8.1 12.1
FrankMoore 901 9.1 13.1
Departure 1:
GraceAdams 112 1.1 14.1
JohnDoe 123 1.1 5.1
JaneDoe 234 2.1 6.1
MikeSmith 345 3.1 7.1
AliceJohnson 456 4.1 8.1
BobBrown 567 5.1 9.1
CarolDavis 678 6.1 10.1
DavidWilson 789 7.1 11.1
EvaTaylor 890 8.1 12.1
FrankMoore 901 9.1 13.1
Back 1:
JohnDoe 123 1.1 5.1
JaneDoe 234 2.1 6.1
MikeSmith 345 3.1 7.1
AliceJohnson 456 4.1 8.1
BobBrown 567 5.1 9.1
CarolDavis 678 6.1 10.1
DavidWilson 789 7.1 11.1
EvaTaylor 890 8.1 12.1
FrankMoore 901 9.1 13.1
GraceAdams 112 1.1 14.1
Dormitory 2:
QuincyMurphy19 109 19.1 23.1
PenelopeKing18 198 18.1 22.1
RachelCollins20 210 20.1 24.1
HenryClark11 321 11.1 15.1
IsabellaHill12 432 12.1 16.1
JackHall13 543 13.1 17.1
LilyScott14 654 14.1 18.1
MarkTurner15 765 15.1 19.1
NancyParker16 876 16.1 20.1
OliverCook17 987 17.1 21.1
Departure 2:
HenryClark11 321 11.1 15.1
IsabellaHill12 432 12.1 16.1
JackHall13 543 13.1 17.1
LilyScott14 654 14.1 18.1
MarkTurner15 765 15.1 19.1
NancyParker16 876 16.1 20.1
OliverCook17 987 17.1 21.1
PenelopeKing18 198 18.1 22.1
QuincyMurphy19 109 19.1 23.1
RachelCollins20 210 20.1 24.1
Back 2:
HenryClark11 321 11.1 15.1
IsabellaHill12 432 12.1 16.1
JackHall13 543 13.1 17.1
LilyScott14 654 14.1 18.1
MarkTurner15 765 15.1 19.1
NancyParker16 876 16.1 20.1
OliverCook17 987 17.1 21.1
PenelopeKing18 198 18.1 22.1
QuincyMurphy19 109 19.1 23.1
RachelCollins20 210 20.1 24.1
