Dormitory 1:
MichelleSnow02 151 1.2 24.1
StevenGardner11 239 8.11 22.7
ChristineGarcia07 270 6.7 3.10
BrandonAcosta05 299 28.1 28.6
ErinMontes10 317 14.7 23.6
VirginiaMonroe06 352 24.3 23.2
PennyCurtis01 433 29.11 5.12
DannyCallahan08 525 20.11 9.11
JamesMahoney09 539 24.3 6.11
MichaelHall04 568 22.11 23.9
KristinaTrevino14 631 16.12 31.3
SherryEllis12 715 5.1 2.11
SeanWilliams13 853 26.12 1.10
AlexisWilson03 940 21.4 16.7
Departure 1:
MichelleSnow02 151 1.2 24.1
SherryEllis12 715 5.1 2.11
ChristineGarcia07 270 6.7 3.10
StevenGardner11 239 8.11 22.7
ErinMontes10 317 14.7 23.6
KristinaTrevino14 631 16.12 31.3
DannyCallahan08 525 20.11 9.11
AlexisWilson03 940 21.4 16.7
MichaelHall04 568 22.11 23.9
JamesMahoney09 539 24.3 6.11
VirginiaMonroe06 352 24.3 23.2
SeanWilliams13 853 26.12 1.10
BrandonAcosta05 299 28.1 28.6
PennyCurtis01 433 29.11 5.12
Back 1:
SeanWilliams13 853 26.12 1.10
SherryEllis12 715 5.1 2.11
ChristineGarcia07 270 6.7 3.10
PennyCurtis01 433 29.11 5.12
JamesMahoney09 539 24.3 6.11
DannyCallahan08 525 20.11 9.11
AlexisWilson03 940 21.4 16.7
StevenGardner11 239 8.11 22.7
VirginiaMonroe06 352 24.3 23.2
ErinMontes10 317 14.7 23.6
MichaelHall04 568 22.11 23.9
MichelleSnow02 151 1.2 24.1
BrandonAcosta05 299 28.1 28.6
KristinaTrevino14 631 16.12 31.3
Dormitory 2:
KylieSmith05 103 10.8 27.7
JasonJackson07 110 5.6 23.3
RyanTaylor01 120 10.5 6.9
KevinSummers08 240 12.6 17.1
RachelHunter09 383 20.1 14.2
MichaelClarke11 413 3.6 24.4
TraciMcmillan10 499 26.2 2.12
SandraPrice02 539 22.7 11.8
TimothyCole06 563 18.6 25.6
RobertBell13 730 9.10 4.6
AndrewWilliamson12 745 6.12 11.4
ChristopherRobertson03 894 4.8 27.5
RobinCrawford04 919 29.3 1.10
Departure 2:
MichaelClarke11 413 3.6 24.4
ChristopherRobertson03 894 4.8 27.5
JasonJackson07 110 5.6 23.3
AndrewWilliamson12 745 6.12 11.4
RobertBell13 730 9.10 4.6
RyanTaylor01 120 10.5 6.9
KylieSmith05 103 10.8 27.7
KevinSummers08 240 12.6 17.1
TimothyCole06 563 18.6 25.6
RachelHunter09 383 20.1 14.2
SandraPrice02 539 22.7 11.8
TraciMcmillan10 499 26.2 2.12
RobinCrawford04 919 29.3 1.10
Back 2:
RobinCrawford04 919 29.3 1.10
TraciMcmillan10 499 26.2 2.12
RobertBell13 730 9.10 4.6
RyanTaylor01 120 10.5 6.9
AndrewWilliamson12 745 6.12 11.4
SandraPrice02 539 22.7 11.8
RachelHunter09 383 20.1 14.2
KevinSummers08 240 12.6 17.1
JasonJackson07 110 5.6 23.3
MichaelClarke11 413 3.6 24.4
TimothyCole06 563 18.6 25.6
ChristopherRobertson03 894 4.8 27.5
KylieSmith05 103 10.8 27.7
Dormitory 3:
JeremyHarper05 204 19.4 20.10
HunterMcintyre03 438 1.3 27.8
EricTaylor01 475 7.2 24.5
JustinSmith04 526 21.12 15.3
MarkNunez02 579 31.12 21.9
CarlaJimenez06 657 2.2 7.9
RichardScott07 936 7.2 27.5
Departure 3:
HunterMcintyre03 438 1.3 27.8
CarlaJimenez06 657 2.2 7.9
EricTaylor01 475 7.2 24.5
RichardScott07 936 7.2 27.5
JeremyHarper05 204 19.4 20.10
JustinSmith04 526 21.12 15.3
MarkNunez02 579 31.12 21.9
Back 3:
CarlaJimenez06 657 2.2 7.9
JustinSmith04 526 21.12 15.3
JeremyHarper05 204 19.4 20.10
MarkNunez02 579 31.12 21.9
EricTaylor01 475 7.2 24.5
RichardScott07 936 7.2 27.5
HunterMcintyre03 438 1.3 27.8
